-------------------------------------------------------------------------------
Test set: com.bugreport.bugreport.BugReportEndToEndTests
-------------------------------------------------------------------------------
Tests run: 9, Failures: 0, Errors: 1, Skipped: 0, Time elapsed: 2.048 s <<< FAILURE! - in com.bugreport.bugreport.BugReportEndToEndTests
GetShouldReturn400WhenIdDoesNotExist  Time elapsed: 0.017 s  <<< ERROR!
java.lang.IllegalArgumentException: bruh
	at com.bugreport.bugreport.BugReportEndToEndTests.GetShouldReturn400WhenIdDoesNotExist(BugReportEndToEndTests.java:78)

